[01:05:10] [main/INFO] (FabricLoader/GameProvider) Loading Minecraft 1.21 with Fabric Loader 0.19.3
[01:05:10] [main/INFO] (FabricLoader) Loading 58 mods:
	- cloth-basic-math 0.6.1
	- cloth-config 15.0.140
	- fabric-api 0.102.0+1.21
	- fabric-api-base 0.4.42+6573ed8cd1
	- fabric-api-lookup-api-v1 1.6.68+b5597344d1
	- fabric-biome-api-v1 13.0.29+5bd9f1bcd1
	- fabric-block-api-v1 1.0.22+0af3f5a7d1
	- fabric-block-view-api-v2 1.0.10+6573ed8cd1
	- fabric-blockrenderlayer-v1 1.1.52+0af3f5a7d1
	- fabric-client-tags-api-v1 1.1.15+6573ed8cd1
	- fabric-command-api-v1 1.2.49+f71b366fd1
	- fabric-command-api-v2 2.2.28+6ced4dd9d1
	- fabric-commands-v0 0.2.66+df3654b3d1
	- fabric-content-registries-v0 8.0.16+b5597344d1
	- fabric-convention-tags-v1 2.0.19+7f945d5bd1
	- fabric-convention-tags-v2 2.5.0+c5e2b5c6d1
	- fabric-crash-report-info-v1 0.2.29+0af3f5a7d1
	- fabric-data-attachment-api-v1 1.1.27+6a6dfa19d1
	- fabric-data-generation-api-v1 20.2.16+16c4ae25d1
	- fabric-dimensions-v1 4.0.0+6fc22b99d1
	- fabric-entity-events-v1 1.6.12+6fc22b99d1
	- fabric-events-interaction-v0 0.7.12+ba9dae06d1
	- fabric-game-rule-api-v1 1.0.53+6ced4dd9d1
	- fabric-gametest-api-v1 2.0.4+6fc22b99d1
	- fabric-item-api-v1 11.0.0+afdfc921d1
	- fabric-item-group-api-v1 4.1.4+78017270d1
	- fabric-key-binding-api-v1 1.0.47+0af3f5a7d1
	- fabric-keybindings-v0 0.2.45+df3654b3d1
	- fabric-lifecycle-events-v1 2.3.12+6c1df360d1
	- fabric-loot-api-v2 3.0.14+3f89f5a5d1
	- fabric-loot-api-v3 1.0.2+3f89f5a5d1
	- fabric-message-api-v1 6.0.13+6573ed8cd1
	- fabric-model-loading-api-v1 2.0.0+fe474d6bd1
	- fabric-networking-api-v1 4.2.2+60c3209bd1
	- fabric-object-builder-api-v1 15.2.0+a551f7a4d1
	- fabric-particles-v1 4.0.2+6573ed8cd1
	- fabric-recipe-api-v1 5.0.12+65089712d1
	- fabric-registry-sync-v0 5.1.2+60c3209bd1
	- fabric-renderer-api-v1 3.4.0+c705a49cd1
	- fabric-renderer-indigo 1.7.0+c705a49cd1
	- fabric-renderer-registries-v1 3.2.68+df3654b3d1
	- fabric-rendering-data-attachment-v1 0.3.48+73761d2ed1
	- fabric-rendering-fluids-v1 3.1.6+b5597344d1
	- fabric-rendering-v0 1.1.71+df3654b3d1
	- fabric-rendering-v1 5.0.5+df16efd0d1
	- fabric-resource-conditions-api-v1 4.3.0+8dc279b1d1
	- fabric-resource-loader-v0 1.3.0+56599129d1
	- fabric-screen-api-v1 2.0.24+b5597344d1
	- fabric-screen-handler-api-v1 1.3.86+b5597344d1
	- fabric-sound-api-v1 1.0.23+6573ed8cd1
	- fabric-transfer-api-v1 5.1.16+3dccd343d1
	- fabric-transitive-access-wideners-v1 6.1.0+176f9036d1
	- fabricloader 0.19.3
	- java 21
	- minecraft 1.21
	- mixinextras 0.5.4
	- modmenu 11.0.4
	- portal-glimpse 1.0.0
[01:05:11] [main/INFO] (FabricLoader/Mixin) SpongePowered MIXIN Subsystem Version=0.8.7 Source=file:/C:/Users/rinke/.gradle/caches/modules-2/files-2.1/net.fabricmc/sponge-mixin/0.17.3+mixin.0.8.7/41c4a3984a80f4679e759fb9f495587acc5cdac7/sponge-mixin-0.17.3+mixin.0.8.7.jar Service=Knot/Fabric Env=CLIENT
[01:05:11] [main/INFO] (FabricLoader/Mixin) Loaded Fabric development mappings for mixin remapper!
[01:05:11] [main/INFO] (FabricLoader/Mixin) Compatibility level set to JAVA_17
[01:05:11] [main/INFO] (FabricLoader/Mixin) Compatibility level set to JAVA_21
[01:05:13] [main/INFO] (FabricLoader/MixinExtras|Service) Initializing MixinExtras via com.llamalad7.mixinextras.service.MixinExtrasServiceImpl(version=0.5.4).
[01:05:15] [Datafixer Bootstrap/INFO] (Minecraft) 226 Datafixer optimizations took 558 milliseconds
[01:05:16] [main/WARN] (PerfDataUtil) Failed to add PDH Counter: \Paging File(_Total)\% Usage, Error code: 0xC0000BB8
[01:05:16] [main/WARN] (PerfCounterQueryHandler) Failed to add counter for PDH counter: \Paging File(_Total)\% Usage
[01:05:16] [main/WARN] (PerfCounterQuery) Disabling further attempts to query Paging File.
[01:05:19] [main/WARN] (WmiQueryHandler) COM exception: Invalid Query: SELECT PERCENTUSAGE FROM Win32_PerfRawData_PerfOS_PagingFile
[01:05:31] [Render thread/INFO] (Minecraft) Environment: Environment[sessionHost=https://sessionserver.mojang.com, servicesHost=https://api.minecraftservices.com, name=PROD]
[01:05:31] [Render thread/INFO] (Minecraft) Setting user: Dev2
[01:05:31] [Render thread/INFO] (portal-glimpse) Portal Glimpse loaded.
[01:05:32] [Render thread/INFO] (portal-glimpse) Portal Glimpse client ready — glimpse renderer: vanilla
[01:05:32] [Render thread/INFO] (Indigo) [Indigo] Registering Indigo renderer!
[01:05:32] [Render thread/INFO] (Mod Menu/Update Checker) Checking mod updates...
[01:05:33] [Render thread/INFO] (Minecraft) Backend library: LWJGL version 3.3.3-snapshot
[01:05:37] [Render thread/INFO] (Minecraft) Reloading ResourceManager: vanilla, fabric, cloth-config, fabric-api, fabric-api-base, fabric-api-lookup-api-v1, fabric-biome-api-v1, fabric-block-api-v1, fabric-block-view-api-v2, fabric-blockrenderlayer-v1, fabric-client-tags-api-v1, fabric-command-api-v1, fabric-command-api-v2, fabric-commands-v0, fabric-content-registries-v0, fabric-convention-tags-v1, fabric-convention-tags-v2, fabric-crash-report-info-v1, fabric-data-attachment-api-v1, fabric-data-generation-api-v1, fabric-dimensions-v1, fabric-entity-events-v1, fabric-events-interaction-v0, fabric-game-rule-api-v1, fabric-gametest-api-v1, fabric-item-api-v1, fabric-item-group-api-v1, fabric-key-binding-api-v1, fabric-keybindings-v0, fabric-lifecycle-events-v1, fabric-loot-api-v2, fabric-loot-api-v3, fabric-message-api-v1, fabric-model-loading-api-v1, fabric-networking-api-v1, fabric-object-builder-api-v1, fabric-particles-v1, fabric-recipe-api-v1, fabric-registry-sync-v0, fabric-renderer-api-v1, fabric-renderer-indigo, fabric-renderer-registries-v1, fabric-rendering-data-attachment-v1, fabric-rendering-fluids-v1, fabric-rendering-v0, fabric-rendering-v1, fabric-resource-conditions-api-v1, fabric-resource-loader-v0, fabric-screen-api-v1, fabric-screen-handler-api-v1, fabric-sound-api-v1, fabric-transfer-api-v1, fabric-transitive-access-wideners-v1, fabricloader, modmenu, portal-glimpse
[01:05:37] [Worker-Main-2/INFO] (Minecraft) Found unifont_all_no_pua-15.1.05.hex, loading
[01:05:38] [Worker-Main-10/INFO] (Minecraft) Found unifont_jp_patch-15.1.05.hex, loading
[01:05:41] [Render thread/WARN] (Minecraft) Missing sound for event: minecraft:item.goat_horn.play
[01:05:41] [Render thread/WARN] (Minecraft) Missing sound for event: minecraft:entity.goat.screaming.horn_break
[01:05:42] [Render thread/INFO] (Minecraft) OpenAL initialized on device OpenAL Soft on Speakers (Realtek(R) Audio)
[01:05:42] [Render thread/INFO] (Minecraft) Sound engine started
[01:05:42] [Render thread/INFO] (Minecraft) Created: 1024x512x4 minecraft:textures/atlas/blocks.png-atlas
[01:05:42] [Render thread/INFO] (Minecraft) Created: 256x256x4 minecraft:textures/atlas/signs.png-atlas
[01:05:42] [Render thread/INFO] (Minecraft) Created: 512x512x4 minecraft:textures/atlas/shield_patterns.png-atlas
[01:05:42] [Render thread/INFO] (Minecraft) Created: 512x512x4 minecraft:textures/atlas/banner_patterns.png-atlas
[01:05:42] [Render thread/INFO] (Minecraft) Created: 1024x1024x4 minecraft:textures/atlas/armor_trims.png-atlas
[01:05:42] [Render thread/INFO] (Minecraft) Created: 128x64x4 minecraft:textures/atlas/decorated_pot.png-atlas
[01:05:42] [Render thread/INFO] (Minecraft) Created: 256x256x4 minecraft:textures/atlas/chest.png-atlas
[01:05:42] [Render thread/INFO] (Minecraft) Created: 512x256x4 minecraft:textures/atlas/beds.png-atlas
[01:05:42] [Render thread/INFO] (Minecraft) Created: 512x256x4 minecraft:textures/atlas/shulker_boxes.png-atlas
[01:05:44] [Render thread/INFO] (Minecraft) Created: 512x256x0 minecraft:textures/atlas/particles.png-atlas
[01:05:44] [Render thread/INFO] (Minecraft) Created: 512x256x0 minecraft:textures/atlas/paintings.png-atlas
[01:05:44] [Render thread/INFO] (Minecraft) Created: 256x128x0 minecraft:textures/atlas/mob_effects.png-atlas
[01:05:44] [Render thread/INFO] (Minecraft) Created: 64x64x0 minecraft:textures/atlas/map_decorations.png-atlas
[01:05:44] [Render thread/INFO] (Minecraft) Created: 1024x512x0 minecraft:textures/atlas/gui.png-atlas
[01:05:44] [Render thread/WARN] (Minecraft) Shader rendertype_entity_translucent_emissive could not find sampler named Sampler2 in the specified shader program.
[01:06:59] [Render thread/INFO] (Minecraft) Loaded 1290 recipes
[01:06:59] [Render thread/INFO] (Minecraft) Loaded 1399 advancements
[01:07:04] [Render thread/INFO] (Minecraft) Connecting to 192.168.1.160, 60860
[01:07:04] [IO-Worker-1/WARN] (Minecraft) Failed to log in: Invalid session (Try restarting your game and the launcher)
[01:07:11] [Render thread/INFO] (portal-glimpse) Portal Glimpse: loaded 0 portal record(s) from D:\Mod Source Files\portal-glimps-1.21\run2\portalglimpse\192.168.1.160_60860.
[01:07:11] [Render thread/INFO] (Minecraft) Loaded 30 advancements
[01:07:11] [Render thread/INFO] (portal-glimpse) Portal Glimpse: registered portal b8c54275-d018-3cf9-8f5e-d8d6791cd125 (6 blocks, z axis) at BlockPos{x=-287, y=65, z=94}
[01:07:11] [Render thread/INFO] (Minecraft) [System] [CHAT] [Portal Glimpse] Portal detected at -287, 65, 94 (6 blocks)
[01:07:11] [Render thread/INFO] (Minecraft) [System] [CHAT] [Portal Glimpse] Portal saved successfully
[01:07:11] [Render thread/INFO] (portal-glimpse) Portal Glimpse: registered portal 5039243c-1400-3cea-815d-cc204ad6088b (6 blocks, z axis) at BlockPos{x=-257, y=64, z=44}
[01:07:11] [Render thread/INFO] (Minecraft) [System] [CHAT] [Portal Glimpse] Portal detected at -257, 64, 44 (6 blocks)
[01:07:11] [Render thread/INFO] (Minecraft) [System] [CHAT] [Portal Glimpse] Portal saved successfully
[01:07:12] [Render thread/INFO] (portal-glimpse) Portal Glimpse: registered portal be6fe85b-85d0-3ea3-b048-d9ab6c1be570 (42 blocks, z axis) at BlockPos{x=-86, y=80, z=168}
[01:07:12] [Render thread/INFO] (Minecraft) [System] [CHAT] [Portal Glimpse] Portal detected at -86, 80, 168 (42 blocks)
[01:07:12] [Render thread/INFO] (Minecraft) [System] [CHAT] [Portal Glimpse] Portal saved successfully
[01:07:13] [Render thread/INFO] (portal-glimpse) Portal Glimpse: registered portal 227cd1b9-5f2f-3954-a17c-0935e96b9efb (9 blocks, x axis) at BlockPos{x=-275, y=64, z=115}
[01:07:13] [Render thread/INFO] (Minecraft) [System] [CHAT] [Portal Glimpse] Portal detected at -275, 64, 115 (9 blocks)
[01:07:13] [Render thread/INFO] (Minecraft) [System] [CHAT] [Portal Glimpse] Portal saved successfully
[01:08:28] [Render thread/INFO] (Minecraft) Stopping!
